c:\momo1.0\template\x64\debug\template.pch
c:\momo1.0\template\x64\debug\vc141.pdb
c:\momo1.0\template\x64\debug\vc141.idb
c:\momo1.0\template\x64\debug\stdafx.obj
c:\momo1.0\template\x64\debug\serialport.obj
c:\momo1.0\template\x64\debug\pid_cplus.obj
c:\momo1.0\template\x64\debug\main.obj
c:\momo1.0\template\x64\debug\bigsymbol.obj
c:\momo1.0\template\x64\debug\armor_detector.obj
c:\project\opencv_project\momo_1.0\x64\debug\template.exe
c:\project\opencv_project\momo_1.0\x64\debug\template.ilk
c:\project\opencv_project\momo_1.0\x64\debug\template.pdb
d:\momo1.0\x64\debug\template.ilk
d:\momo1.0\x64\debug\template.exe
d:\momo1.0\x64\debug\template.pdb
c:\momo1.0\x64\debug\template.exe
c:\momo1.0\x64\debug\template.ilk
c:\momo1.0\x64\debug\template.pdb
c:\momo1.0\template\x64\debug\template.tlog\cl.command.1.tlog
c:\momo1.0\template\x64\debug\template.tlog\cl.read.1.tlog
c:\momo1.0\template\x64\debug\template.tlog\cl.write.1.tlog
c:\momo1.0\template\x64\debug\template.tlog\link.command.1.tlog
c:\momo1.0\template\x64\debug\template.tlog\link.read.1.tlog
c:\momo1.0\template\x64\debug\template.tlog\link.write.1.tlog
